0 info it worked if it ends with ok
1 verbose cli [ '/Users/cameronshotter/.nvm/versions/node/v6.4.0/bin/node',
1 verbose cli   '/Users/cameronshotter/.nvm/versions/node/v6.4.0/bin/npm',
1 verbose cli   'run',
1 verbose cli   'start:watch' ]
2 info using npm@3.10.3
3 info using node@v6.4.0
4 verbose run-script [ 'prestart:watch', 'start:watch', 'poststart:watch' ]
5 info lifecycle browserBoard@0.0.0~prestart:watch: browserBoard@0.0.0
6 silly lifecycle browserBoard@0.0.0~prestart:watch: no script for prestart:watch, continuing
7 info lifecycle browserBoard@0.0.0~start:watch: browserBoard@0.0.0
8 verbose lifecycle browserBoard@0.0.0~start:watch: unsafe-perm in lifecycle true
9 verbose lifecycle browserBoard@0.0.0~start:watch: PATH: /Users/cameronshotter/.nvm/versions/node/v6.4.0/lib/node_modules/npm/bin/node-gyp-bin:/Users/cameronshotter/Documents/Projects/JavaScript/browserBoard/node_modules/.bin:/Users/cameronshotter/.nvm/versions/node/v6.4.0/bin:/Users/cameronshotter/.nvm/versions/node/v6.4.0/bin:/Library/Frameworks/Python.framework/Versions/3.6/bin:/usr/local/bin:/usr/bin:/bin:/usr/sbin:/sbin:/usr/local/go/bin:/Library/Frameworks/Mono.framework/Versions/Current/Commands
10 verbose lifecycle browserBoard@0.0.0~start:watch: CWD: /Users/cameronshotter/Documents/Projects/JavaScript/browserBoard
11 silly lifecycle browserBoard@0.0.0~start:watch: Args: [ '-c', 'npm run watch & start:dev' ]
12 info lifecycle browserBoard@0.0.0~start:watch: Failed to exec start:watch script
13 verbose stack Error: browserBoard@0.0.0 start:watch: `npm run watch & start:dev`
13 verbose stack spawn ENOENT
13 verbose stack     at ChildProcess.<anonymous> (/Users/cameronshotter/.nvm/versions/node/v6.4.0/lib/node_modules/npm/lib/utils/spawn.js:33:16)
13 verbose stack     at emitTwo (events.js:106:13)
13 verbose stack     at ChildProcess.emit (events.js:191:7)
13 verbose stack     at maybeClose (internal/child_process.js:852:16)
13 verbose stack     at Process.ChildProcess._handle.onexit (internal/child_process.js:215:5)
14 verbose pkgid browserBoard@0.0.0
15 verbose cwd /Users/cameronshotter/Documents/Projects/JavaScript/browserBoard
16 error Darwin 16.4.0
17 error argv "/Users/cameronshotter/.nvm/versions/node/v6.4.0/bin/node" "/Users/cameronshotter/.nvm/versions/node/v6.4.0/bin/npm" "run" "start:watch"
18 error node v6.4.0
19 error npm  v3.10.3
20 error file sh
21 error code ELIFECYCLE
22 error errno ENOENT
23 error syscall spawn
24 error browserBoard@0.0.0 start:watch: `npm run watch & start:dev`
24 error spawn ENOENT
25 error Failed at the browserBoard@0.0.0 start:watch script 'npm run watch & start:dev'.
25 error Make sure you have the latest version of node.js and npm installed.
25 error If you do, this is most likely a problem with the browserBoard package,
25 error not with npm itself.
25 error Tell the author that this fails on your system:
25 error     npm run watch & start:dev
25 error You can get information on how to open an issue for this project with:
25 error     npm bugs browserBoard
25 error Or if that isn't available, you can get their info via:
25 error     npm owner ls browserBoard
25 error There is likely additional logging output above.
26 verbose exit [ 1, true ]
